<?xml version="1.0" encoding="UTF-8"?>
<!-- Generated by org.testng.reporters.JUnitXMLReporter -->
<testsuite ignored="1" hostname="Laksha" failures="0" tests="2" name="Test1" time="9.399" errors="0" timestamp="2024-01-24T15:19:17 WET">
  <testcase classname="test.TestNG_Demo2" name="googleSearch1" time="1.993"/>
  <testcase classname="test.TestNG_Demo" name="googleSearch3" time="5.544"/>
  <testcase classname="test.TestNG_Demo" name="googleSearch2" time="0.0">
    <ignored/>
  </testcase> <!-- googleSearch2 -->
</testsuite> <!-- Test1 -->
