<?xml version="1.0" encoding="UTF-8"?>
<testng-results ignored="0" total="1" passed="1" failed="0" skipped="0">
  <reporter-output>
  </reporter-output>
  <suite started-at="2024-01-24T12:07:15 WET" name="Default suite" finished-at="2024-01-24T12:07:19 WET" duration-ms="3620">
    <groups>
    </groups>
    <test started-at="2024-01-24T12:07:15 WET" name="Default test" finished-at="2024-01-24T12:07:19 WET" duration-ms="3620">
      <class name="test.ExtentReportsDemoWithTestNG">
        <test-method is-config="true" signature="setUp()[pri:0, instance:test.ExtentReportsDemoWithTestNG@54a7079e]" started-at="2024-01-24T12:07:15 WET" name="setUp" finished-at="2024-01-24T12:07:15 WET" duration-ms="155" status="PASS">
          <reporter-output>
          </reporter-output>
        </test-method> <!-- setUp -->
        <test-method is-config="true" signature="setUpTes()[pri:0, instance:test.ExtentReportsDemoWithTestNG@54a7079e]" started-at="2024-01-24T12:07:15 WET" name="setUpTes" finished-at="2024-01-24T12:07:17 WET" duration-ms="1652" status="PASS">
          <reporter-output>
          </reporter-output>
        </test-method> <!-- setUpTes -->
        <test-method signature="test1()[pri:0, instance:test.ExtentReportsDemoWithTestNG@54a7079e]" started-at="2024-01-24T12:07:17 WET" name="test1" finished-at="2024-01-24T12:07:18 WET" duration-ms="1465" status="PASS">
          <reporter-output>
          </reporter-output>
        </test-method> <!-- test1 -->
        <test-method is-config="true" signature="finishTest()[pri:0, instance:test.ExtentReportsDemoWithTestNG@54a7079e]" started-at="2024-01-24T12:07:18 WET" name="finishTest" finished-at="2024-01-24T12:07:19 WET" duration-ms="474" status="PASS">
          <reporter-output>
          </reporter-output>
        </test-method> <!-- finishTest -->
      </class> <!-- test.ExtentReportsDemoWithTestNG -->
    </test> <!-- Default test -->
  </suite> <!-- Default suite -->
</testng-results>
