<?xml version="1.0" encoding="UTF-8"?>
<testng-results ignored="0" total="1" passed="1" failed="0" skipped="0">
  <reporter-output>
  </reporter-output>
  <suite started-at="2024-01-22T16:54:29 WET" name="Default suite" finished-at="2024-01-22T16:54:38 WET" duration-ms="9696">
    <groups>
    </groups>
    <test started-at="2024-01-22T16:54:29 WET" name="Default test" finished-at="2024-01-22T16:54:38 WET" duration-ms="9696">
      <class name="test.TestNG_Demo">
        <test-method is-config="true" signature="setUpTes()[pri:0, instance:test.TestNG_Demo@1de5f259]" started-at="2024-01-22T16:54:29 WET" name="setUpTes" finished-at="2024-01-22T16:54:35 WET" duration-ms="5908" status="PASS">
          <reporter-output>
          </reporter-output>
        </test-method> <!-- setUpTes -->
        <test-method signature="googleSearch()[pri:0, instance:test.TestNG_Demo@1de5f259]" started-at="2024-01-22T16:54:35 WET" name="googleSearch" finished-at="2024-01-22T16:54:37 WET" duration-ms="2783" status="PASS">
          <reporter-output>
          </reporter-output>
        </test-method> <!-- googleSearch -->
        <test-method is-config="true" signature="finishTest()[pri:0, instance:test.TestNG_Demo@1de5f259]" started-at="2024-01-22T16:54:37 WET" name="finishTest" finished-at="2024-01-22T16:54:38 WET" duration-ms="878" status="PASS">
          <reporter-output>
          </reporter-output>
        </test-method> <!-- finishTest -->
      </class> <!-- test.TestNG_Demo -->
    </test> <!-- Default test -->
  </suite> <!-- Default suite -->
</testng-results>
